<?xml version="1.0" encoding="UTF-8"?>
<!-- Generated by org.testng.reporters.JUnitXMLReporter -->
<testsuite hostname="Praveenas-MacBook-Pro.local" ignored="0" name="Default test" tests="5" failures="0" timestamp="2022-02-23T16:25:42 PST" time="31.105" errors="0">
  <testcase name="Login" time="6.054" classname="com.test.tests.TekArchApiTestScriptE2E"/>
  <testcase name="createUser" time="2.72" classname="com.test.tests.TekArchApiTestScriptE2E"/>
  <testcase name="getUser" time="3.864" classname="com.test.tests.TekArchApiTestScriptE2E"/>
  <testcase name="updateUser" time="9.557" classname="com.test.tests.TekArchApiTestScriptE2E"/>
  <testcase name="deleteUser" time="8.848" classname="com.test.tests.TekArchApiTestScriptE2E"/>
</testsuite> <!-- Default test -->
