<?xml version="1.0" encoding="UTF-8"?>
<testng-results skipped="0" failed="0" ignored="0" total="5" passed="5">
  <reporter-output>
  </reporter-output>
  <suite name="Default suite" duration-ms="31105" started-at="2022-02-23T16:25:11 PST" finished-at="2022-02-23T16:25:42 PST">
    <groups>
    </groups>
    <test name="Default test" duration-ms="31105" started-at="2022-02-23T16:25:11 PST" finished-at="2022-02-23T16:25:42 PST">
      <class name="com.test.tests.TekArchApiTestScriptE2E">
        <test-method status="PASS" signature="Login()[pri:1, instance:com.test.tests.TekArchApiTestScriptE2E@51e2adc7]" name="Login" duration-ms="6054" started-at="2022-02-23T16:25:11 PST" finished-at="2022-02-23T16:25:17 PST">
          <reporter-output>
          </reporter-output>
        </test-method> <!-- Login -->
        <test-method status="PASS" signature="createUser()[pri:2, instance:com.test.tests.TekArchApiTestScriptE2E@51e2adc7]" name="createUser" duration-ms="2720" started-at="2022-02-23T16:25:17 PST" finished-at="2022-02-23T16:25:20 PST">
          <reporter-output>
          </reporter-output>
        </test-method> <!-- createUser -->
        <test-method status="PASS" signature="getUser()[pri:3, instance:com.test.tests.TekArchApiTestScriptE2E@51e2adc7]" name="getUser" duration-ms="3864" started-at="2022-02-23T16:25:20 PST" finished-at="2022-02-23T16:25:23 PST">
          <reporter-output>
          </reporter-output>
        </test-method> <!-- getUser -->
        <test-method status="PASS" signature="updateUser()[pri:4, instance:com.test.tests.TekArchApiTestScriptE2E@51e2adc7]" name="updateUser" duration-ms="9557" started-at="2022-02-23T16:25:23 PST" finished-at="2022-02-23T16:25:33 PST">
          <reporter-output>
          </reporter-output>
        </test-method> <!-- updateUser -->
        <test-method status="PASS" signature="deleteUser()[pri:5, instance:com.test.tests.TekArchApiTestScriptE2E@51e2adc7]" name="deleteUser" duration-ms="8848" started-at="2022-02-23T16:25:33 PST" finished-at="2022-02-23T16:25:42 PST">
          <reporter-output>
          </reporter-output>
        </test-method> <!-- deleteUser -->
      </class> <!-- com.test.tests.TekArchApiTestScriptE2E -->
    </test> <!-- Default test -->
  </suite> <!-- Default suite -->
</testng-results>
